Pre: Key
{
	    <pre>
┌─────────────────────────┐
| H = Hadamard Gates      |
| q = Quantum registers   |
| c = Classical registers |
| M = Measurement Gates   |
└─────────────────────────┘
            <pre> 
}

Pre: Diagram
{
	 <pre>
         ┌───┐┌─┐                                                                                   
 q_0: |0>┤ H ├┤M├───────────────────────────────────────────────────     ┌─────────────────────────┐
         ├───┤└╥┘┌─┐                                                     | H = Hadamard Gates      |
 q_1: |0>┤ H ├─╫─┤M├────────────────────────────────────────────────     | q = Quantum registers   |
         ├───┤ ║ └╥┘┌─┐                                                  | c = Classical registers |
 q_2: |0>┤ H ├─╫──╫─┤M├─────────────────────────────────────────────     | M = Measurement Gates   |
         ├───┤ ║  ║ └╥┘┌─┐                                               └─────────────────────────┘
 q_3: |0>┤ H ├─╫──╫──╫─┤M├──────────────────────────────────────────                                
         ├───┤ ║  ║  ║ └╥┘┌─┐                                                                       
 q_4: |0>┤ H ├─╫──╫──╫──╫─┤M├───────────────────────────────────────                                
         ├───┤ ║  ║  ║  ║ └╥┘┌─┐                                                                    
 q_5: |0>┤ H ├─╫──╫──╫──╫──╫─┤M├────────────────────────────────────                                
         ├───┤ ║  ║  ║  ║  ║ └╥┘┌─┐                                                                 
 q_6: |0>┤ H ├─╫──╫──╫──╫──╫──╫─┤M├─────────────────────────────────                                
         ├───┤ ║  ║  ║  ║  ║  ║ └╥┘┌─┐                                                              
 q_7: |0>┤ H ├─╫──╫──╫──╫──╫──╫──╫─┤M├──────────────────────────────                                
         ├───┤ ║  ║  ║  ║  ║  ║  ║ └╥┘┌─┐                                                           
 q_8: |0>┤ H ├─╫──╫──╫──╫──╫──╫──╫──╫─┤M├───────────────────────────                                
         ├───┤ ║  ║  ║  ║  ║  ║  ║  ║ └╥┘┌─┐                                                        
 q_9: |0>┤ H ├─╫──╫──╫──╫──╫──╫──╫──╫──╫─┤M├────────────────────────                                
         ├───┤ ║  ║  ║  ║  ║  ║  ║  ║  ║ └╥┘┌─┐                                                     
q_10: |0>┤ H ├─╫──╫──╫──╫──╫──╫──╫──╫──╫──╫─┤M├─────────────────────                                
         ├───┤ ║  ║  ║  ║  ║  ║  ║  ║  ║  ║ └╥┘┌─┐                                                  
q_11: |0>┤ H ├─╫──╫──╫──╫──╫──╫──╫──╫──╫──╫──╫─┤M├──────────────────                                
         └───┘ ║  ║  ║  ║  ║  ║  ║  ║  ║  ║  ║ └╥┘                                                  
  c: /12 ══════╩══╩══╩══╩══╩══╩══╩══╩══╩══╩══╩══╩═══════════════════                                
            </pre>
}